<?xml version="1.0" encoding="utf-8"?><testsuites name="pytest tests"><testsuite name="pytest" errors="0" failures="0" skipped="0" tests="40" time="39.309" timestamp="2026-07-18T18:30:27.433905+00:00" hostname="agent-env-7472594f-f02a-420a-8ee2-8c83016454a4"><testcase classname="tests.test_doogie_referral.TestOutOfFocusReferral" name="test_stream_completes[Osoyoos]" time="8.157" /><testcase classname="tests.test_doogie_referral.TestInFocusReferral" name="test_stream_completes[Langley]" time="7.733" /><testcase classname="tests.test_doogie_referral.TestInFocusReferral" name="test_stream_completes[Surrey]" time="7.689" /><testcase classname="tests.test_doogie_referral.TestOutOfFocusReferral" name="test_stream_completes[Kelowna]" time="7.301" /><testcase classname="tests.test_doogie_referral.TestInFocusReferral" name="test_stream_completes[Squamish]" time="6.691" /><testcase classname="tests.test_doogie_referral.TestOutOfFocusReferral" name="test_stream_completes[Victoria]" time="6.759" /><testcase classname="tests.test_doogie_referral.TestInFocusReferral" name="test_stream_completes[Whistler]" time="9.395" /><testcase classname="tests.test_doogie_referral.TestOutOfFocusReferral" name="test_stream_completes[Prince George]" time="7.701" /><testcase classname="tests.test_doogie_referral.TestOutOfFocusReferral" name="test_stream_completes[Nelson]" time="6.340" /><testcase classname="tests.test_doogie_referral.TestInFocusReferral" name="test_stream_completes[West Vancouver]" time="7.172" /><testcase classname="tests.test_doogie_referral.TestOutOfFocusReferral" name="test_contains_referral_question_with_city[Osoyoos]" time="0.000" /><testcase classname="tests.test_doogie_referral.TestOutOfFocusReferral" name="test_contains_referral_question_with_city[Kelowna]" time="0.000" /><testcase classname="tests.test_doogie_referral.TestOutOfFocusReferral" name="test_contains_referral_question_with_city[Victoria]" time="0.000" /><testcase classname="tests.test_doogie_referral.TestOutOfFocusReferral" name="test_contains_referral_question_with_city[Prince George]" time="0.000" /><testcase classname="tests.test_doogie_referral.TestOutOfFocusReferral" name="test_contains_referral_question_with_city[Nelson]" time="0.000" /><testcase classname="tests.test_doogie_referral.TestOutOfFocusReferral" name="test_tail_ends_with_referral_offer[Osoyoos]" time="0.000" /><testcase classname="tests.test_doogie_referral.TestOutOfFocusReferral" name="test_tail_ends_with_referral_offer[Kelowna]" time="0.000" /><testcase classname="tests.test_doogie_referral.TestOutOfFocusReferral" name="test_tail_ends_with_referral_offer[Victoria]" time="0.000" /><testcase classname="tests.test_doogie_referral.TestOutOfFocusReferral" name="test_tail_ends_with_referral_offer[Prince George]" time="0.000" /><testcase classname="tests.test_doogie_referral.TestOutOfFocusReferral" name="test_tail_ends_with_referral_offer[Nelson]" time="0.000" /><testcase classname="tests.test_doogie_referral.TestOutOfFocusReferral" name="test_disclaimer_present[Osoyoos]" time="0.000" /><testcase classname="tests.test_doogie_referral.TestOutOfFocusReferral" name="test_disclaimer_present[Kelowna]" time="0.000" /><testcase classname="tests.test_doogie_referral.TestOutOfFocusReferral" name="test_disclaimer_present[Victoria]" time="0.000" /><testcase classname="tests.test_doogie_referral.TestOutOfFocusReferral" name="test_disclaimer_present[Prince George]" time="0.000" /><testcase classname="tests.test_doogie_referral.TestOutOfFocusReferral" name="test_disclaimer_present[Nelson]" time="0.000" /><testcase classname="tests.test_doogie_referral.TestInFocusReferral" name="test_offers_doug_connection[Langley]" time="0.000" /><testcase classname="tests.test_doogie_referral.TestInFocusReferral" name="test_offers_doug_connection[Surrey]" time="0.000" /><testcase classname="tests.test_doogie_referral.TestInFocusReferral" name="test_offers_doug_connection[Squamish]" time="0.000" /><testcase classname="tests.test_doogie_referral.TestInFocusReferral" name="test_offers_doug_connection[Whistler]" time="0.000" /><testcase classname="tests.test_doogie_referral.TestInFocusReferral" name="test_offers_doug_connection[West Vancouver]" time="0.000" /><testcase classname="tests.test_doogie_referral.TestInFocusReferral" name="test_tail_ends_with_doug_offer[Langley]" time="0.000" /><testcase classname="tests.test_doogie_referral.TestInFocusReferral" name="test_tail_ends_with_doug_offer[Surrey]" time="0.000" /><testcase classname="tests.test_doogie_referral.TestInFocusReferral" name="test_tail_ends_with_doug_offer[Squamish]" time="0.000" /><testcase classname="tests.test_doogie_referral.TestInFocusReferral" name="test_tail_ends_with_doug_offer[Whistler]" time="0.000" /><testcase classname="tests.test_doogie_referral.TestInFocusReferral" name="test_tail_ends_with_doug_offer[West Vancouver]" time="0.000" /><testcase classname="tests.test_doogie_referral.TestInFocusReferral" name="test_disclaimer_present[Langley]" time="0.000" /><testcase classname="tests.test_doogie_referral.TestInFocusReferral" name="test_disclaimer_present[Surrey]" time="0.000" /><testcase classname="tests.test_doogie_referral.TestInFocusReferral" name="test_disclaimer_present[Squamish]" time="0.000" /><testcase classname="tests.test_doogie_referral.TestInFocusReferral" name="test_disclaimer_present[Whistler]" time="0.000" /><testcase classname="tests.test_doogie_referral.TestInFocusReferral" name="test_disclaimer_present[West Vancouver]" time="0.000" /></testsuite></testsuites>