<?xml version="1.0" encoding="utf-8"?><testsuites name="pytest tests"><testsuite name="pytest" errors="0" failures="0" skipped="0" tests="13" time="4.657" timestamp="2026-08-20T13:23:09.422248+00:00" hostname="agent-env-7472594f-f02a-420a-8ee2-8c83016454a4"><testcase classname="tests.test_glossary_citations.TestDoogieCitations" name="test_citations_event_emitted_before_done" time="1.853" /><testcase classname="tests.test_glossary_citations.TestGlossaryTermsExist" name="test_popular_term_resolves[property-transfer-tax-ptt]" time="0.280" /><testcase classname="tests.test_glossary_citations.TestGlossaryTermsExist" name="test_popular_term_resolves[gst-new-housing-rebate-bc]" time="0.184" /><testcase classname="tests.test_glossary_citations.TestGlossaryTermsExist" name="test_popular_term_resolves[agricultural-land-reserve-alr]" time="0.127" /><testcase classname="tests.test_glossary_citations.TestGlossaryTermsExist" name="test_popular_term_resolves[subject-removal]" time="0.138" /><testcase classname="tests.test_glossary_citations.TestGlossaryTermsExist" name="test_popular_term_resolves[2-5-10-home-warranty]" time="0.170" /><testcase classname="tests.test_glossary_citations.TestGlossaryTermsExist" name="test_popular_term_resolves[form-b-strata-information-certificate]" time="0.135" /><testcase classname="tests.test_glossary_citations.TestGlossaryTermsExist" name="test_popular_term_resolves[amortization-period]" time="0.128" /><testcase classname="tests.test_glossary_citations.TestGlossaryTermsExist" name="test_popular_term_resolves[first-time-home-buyers-program-ptt]" time="0.142" /><testcase classname="tests.test_glossary_citations.TestGlossaryTermsExist" name="test_glossary_list_endpoint" time="0.236" /><testcase classname="tests.test_glossary_citations.TestGlossaryTermsExist" name="test_unknown_slug_404" time="0.146" /><testcase classname="tests.test_glossary_citations.TestDoogieCitations" name="test_reply_text_streams_deltas" time="1.405" /><testcase classname="tests.test_glossary_citations.TestDoogieCitations" name="test_no_citations_for_unrelated_message" time="0.996" /></testsuite></testsuites>