<?xml version="1.0" encoding="utf-8"?><testsuites name="pytest tests"><testsuite name="pytest" errors="0" failures="0" skipped="0" tests="14" time="2.111" timestamp="2026-08-01T17:06:34.651310+00:00" hostname="agent-env-7472594f-f02a-420a-8ee2-8c83016454a4"><testcase classname="tests.test_journey_referrals_editorial.TestReferrals" name="test_1_create_referral" time="0.708" /><testcase classname="tests.test_journey_referrals_editorial.TestJourneyProgress" name="test_get_initial" time="0.912" /><testcase classname="tests.test_journey_referrals_editorial.TestReferrals" name="test_2_list_referrals_summary" time="0.148" /><testcase classname="tests.test_journey_referrals_editorial.TestReferrals" name="test_3_list_filter_sent" time="0.103" /><testcase classname="tests.test_journey_referrals_editorial.TestJourneyProgress" name="test_post_and_persist" time="0.216" /><testcase classname="tests.test_journey_referrals_editorial.TestReferrals" name="test_4_patch_acknowledged" time="0.140" /><testcase classname="tests.test_journey_referrals_editorial.TestReferrals" name="test_5_patch_paid_updates_summary" time="0.236" /><testcase classname="tests.test_journey_referrals_editorial.TestJourneyProgress" name="test_unauth" time="0.132" /><testcase classname="tests.test_journey_referrals_editorial.TestSitemap" name="test_sitemap_contains_editorial" time="0.122" /><testcase classname="tests.test_journey_referrals_editorial.TestReferrals" name="test_6_patch_invalid_status" time="0.096" /><testcase classname="tests.test_journey_referrals_editorial.TestSitemap" name="test_sitemap_count_range" time="0.109" /><testcase classname="tests.test_journey_referrals_editorial.TestReferrals" name="test_7_delete_ok" time="0.101" /><testcase classname="tests.test_journey_referrals_editorial.TestGlossaryRelated" name="test_deposit_related" time="0.101" /><testcase classname="tests.test_journey_referrals_editorial.TestReferrals" name="test_8_delete_not_found" time="0.104" /></testsuite></testsuites>