<?xml version="1.0" encoding="utf-8"?><testsuites name="pytest tests"><testsuite name="pytest" errors="0" failures="0" skipped="0" tests="8" time="51.325" timestamp="2026-07-26T00:44:48.788830+00:00" hostname="agent-env-7472594f-f02a-420a-8ee2-8c83016454a4"><testcase classname="tests.test_multilingual_and_ddf.TestMultilingualLeads" name="test_buyer_pt_translates" time="15.364" /><testcase classname="tests.test_multilingual_and_ddf.TestDDFDiagnostic" name="test_ddf_status_structure" time="0.621" /><testcase classname="tests.test_multilingual_and_ddf.TestDDFDiagnostic" name="test_ddf_status_requires_auth" time="0.053" /><testcase classname="tests.test_multilingual_and_ddf.TestDDFDiagnostic" name="test_ddf_sync_now_does_not_500" time="0.232" /><testcase classname="tests.test_multilingual_and_ddf.TestMultilingualLeads" name="test_buyer_zh_hans_translates" time="15.110" /><testcase classname="tests.test_multilingual_and_ddf.TestMultilingualLeads" name="test_seller_fa_translates" time="15.119" /><testcase classname="tests.test_multilingual_and_ddf.TestMultilingualLeads" name="test_buyer_en_no_translation" time="3.107" /><testcase classname="tests.test_multilingual_and_ddf.TestMultilingualLeads" name="test_buyer_no_form_lang_defaults_en" time="2.110" /></testsuite></testsuites>