<?xml version="1.0" encoding="utf-8"?><testsuites name="pytest tests"><testsuite name="pytest" errors="0" failures="0" skipped="0" tests="19" time="30.029" timestamp="2026-07-12T00:16:25.330678+00:00" hostname="agent-env-7472594f-f02a-420a-8ee2-8c83016454a4"><testcase classname="tests.backend_test.TestRealtorApplication" name="test_stage1_apply" time="0.412" /><testcase classname="tests.backend_test.TestAdmin" name="test_admin_login_success" time="0.371" /><testcase classname="tests.backend_test.TestAdmin" name="test_admin_login_wrong_password" time="0.048" /><testcase classname="tests.backend_test.TestRealtorApplication" name="test_stage2_credentials" time="0.133" /><testcase classname="tests.backend_test.TestAdmin" name="test_admin_leads_buyer_requires_auth" time="0.050" /><testcase classname="tests.backend_test.TestAdmin" name="test_admin_list_buyer_leads" time="0.087" /><testcase classname="tests.backend_test.TestRealtorApplication" name="test_stage3_profile" time="0.135" /><testcase classname="tests.backend_test.TestAdmin" name="test_admin_reminders_returns_list" time="0.044" /><testcase classname="tests.backend_test.TestAdmin" name="test_create_client_and_reminders" time="0.120" /><testcase classname="tests.backend_test.TestRealtorApplication" name="test_stage3_requires_agreement" time="0.140" /><testcase classname="tests.backend_test.TestLeads" name="test_buyer_lead_success" time="0.068" /><testcase classname="tests.backend_test.TestLeads" name="test_buyer_lead_without_casl_consent" time="0.044" /><testcase classname="tests.backend_test.TestGlossary" name="test_glossary_list" time="0.050" /><testcase classname="tests.backend_test.TestLeads" name="test_seller_lead_success" time="0.067" /><testcase classname="tests.backend_test.TestGlossary" name="test_glossary_ptt_generates_faqs" time="20.351" /><testcase classname="tests.backend_test.TestHealth" name="test_root" time="0.455" /><testcase classname="tests.backend_test.TestCommunities" name="test_communities" time="0.044" /><testcase classname="tests.backend_test.TestGlossary" name="test_glossary_missing_term" time="0.050" /><testcase classname="tests.backend_test.TestDoogieChat" name="test_doogie_streaming" time="8.052" /></testsuite></testsuites>