<?xml version="1.0" encoding="utf-8"?><testsuites name="pytest tests"><testsuite name="pytest" errors="0" failures="0" skipped="0" tests="14" time="8.271" timestamp="2026-07-26T02:21:34.727918+00:00" hostname="agent-env-7472594f-f02a-420a-8ee2-8c83016454a4"><testcase classname="tests.test_saved_searches" name="test_missing_casl_returns_400" time="4.236" /><testcase classname="tests.test_saved_searches" name="test_missing_pipa_returns_400" time="0.122" /><testcase classname="tests.test_saved_searches" name="test_create_saved_search_success" time="0.143" /><testcase classname="tests.test_saved_searches" name="test_excluded_property_type_dropped" time="0.107" /><testcase classname="tests.test_saved_searches" name="test_verify_valid_token" time="0.113" /><testcase classname="tests.test_saved_searches" name="test_verify_idempotent" time="0.120" /><testcase classname="tests.test_saved_searches" name="test_verify_invalid_token" time="0.099" /><testcase classname="tests.test_saved_searches" name="test_run_matcher_sends_digest" time="0.246" /><testcase classname="tests.test_saved_searches" name="test_unsubscribe_get" time="0.099" /><testcase classname="tests.test_saved_searches" name="test_unsubscribe_post_rfc8058" time="0.219" /><testcase classname="tests.test_saved_searches" name="test_matcher_excludes_unsubscribed" time="0.105" /><testcase classname="tests.test_saved_searches" name="test_admin_saved_searches_list" time="0.115" /><testcase classname="tests.test_saved_searches" name="test_admin_email_outbox" time="0.107" /><testcase classname="tests.test_saved_searches" name="test_rapid_posts_no_500" time="1.327" /></testsuite></testsuites>