<?xml version="1.0" encoding="utf-8"?><testsuites name="pytest tests"><testsuite name="pytest" errors="0" failures="0" skipped="0" tests="5" time="0.987" timestamp="2026-07-19T01:15:50.882927+00:00" hostname="agent-env-7472594f-f02a-420a-8ee2-8c83016454a4"><testcase classname="tests.test_seller_hardblock.TestSellerHardBlock" name="test_seller_not_listed_returns_200" time="0.242" /><testcase classname="tests.test_seller_hardblock.TestBuyerRegression" name="test_buyer_not_under_contract_returns_200" time="0.251" /><testcase classname="tests.test_seller_hardblock.TestSellerHardBlock" name="test_seller_currently_listed_returns_400" time="0.106" /><testcase classname="tests.test_seller_hardblock.TestBuyerRegression" name="test_buyer_under_contract_returns_400" time="0.099" /><testcase classname="tests.test_seller_hardblock.TestSellerHardBlock" name="test_seller_missing_consent_returns_400" time="0.110" /></testsuite></testsuites>