<?xml version="1.0" encoding="utf-8"?><testsuites name="pytest tests"><testsuite name="pytest" errors="0" failures="0" skipped="0" tests="4" time="5.022" timestamp="2026-08-05T16:27:22.815252+00:00" hostname="agent-env-7472594f-f02a-420a-8ee2-8c83016454a4"><testcase classname="tests.test_doogie_spoken_summary_tts" name="test_spoken_summary_present_for_buy_kelowna_condo" time="0.303" /><testcase classname="tests.test_doogie_spoken_summary_tts" name="test_spoken_summary_empty_when_no_query_no_filter" time="0.179" /><testcase classname="tests.test_doogie_spoken_summary_tts" name="test_spoken_summary_seller_intent_mentions_seller_resources" time="0.198" /><testcase classname="tests.test_doogie_spoken_summary_tts" name="test_tts_returns_mp3_with_cache_headers" time="3.980" /></testsuite></testsuites>