<?xml version="1.0" encoding="utf-8"?><testsuites name="pytest tests"><testsuite name="pytest" errors="0" failures="0" skipped="0" tests="4" time="1.208" timestamp="2026-08-05T21:59:53.129407+00:00" hostname="agent-env-7472594f-f02a-420a-8ee2-8c83016454a4"><testcase classname="tests.test_strata_content_ban" name="test_detached_house_kelowna_no_strata" time="0.369" /><testcase classname="tests.test_strata_content_ban" name="test_acreage_langley_no_strata" time="0.170" /><testcase classname="tests.test_strata_content_ban" name="test_condo_vancouver_strata_present" time="0.165" /><testcase classname="tests.test_strata_content_ban" name="test_explicit_strata_query_returns_strata" time="0.164" /></testsuite></testsuites>