<?xml version="1.0" encoding="utf-8"?><testsuites name="pytest tests"><testsuite name="pytest" errors="0" failures="0" skipped="0" tests="7" time="1.680" timestamp="2026-08-05T16:16:55.822020+00:00" hostname="agent-env-7472594f-f02a-420a-8ee2-8c83016454a4"><testcase classname="tests.test_doogie_sync_search" name="test_shape_and_compliance_buy_kelowna" time="0.233" /><testcase classname="tests.test_doogie_sync_search" name="test_sell_condo_kelowna" time="0.210" /><testcase classname="tests.test_doogie_sync_search" name="test_equestrian_acreage_langley" time="0.224" /><testcase classname="tests.test_doogie_sync_search" name="test_waterfront_sechelt" time="0.351" /><testcase classname="tests.test_doogie_sync_search" name="test_surrey_whole_word_match" time="0.280" /><testcase classname="tests.test_doogie_sync_search" name="test_empty_body_graceful" time="0.115" /><testcase classname="tests.test_doogie_sync_search" name="test_market_insights_shape" time="0.208" /></testsuite></testsuites>