<?xml version="1.0" encoding="utf-8"?><testsuites name="pytest tests"><testsuite name="pytest" errors="0" failures="0" skipped="0" tests="9" time="1.238" timestamp="2026-08-15T01:25:35.959023+00:00" hostname="agent-env-7472594f-f02a-420a-8ee2-8c83016454a4"><testcase classname="tests.test_waveb_d.TestWeeklyDigestSignup" name="test_subscribe_weekly_just_sold_returns_200" time="0.640" /><testcase classname="tests.test_waveb_d.TestJustSoldDigestAdmin" name="test_admin_run_returns_json_body" time="0.449" /><testcase classname="tests.test_waveb_d.TestJustSoldDigestAdmin" name="test_admin_run_unauthenticated" time="0.103" /><testcase classname="tests.test_waveb_d.TestSitemaps" name="test_sitemap_listings_serves_xml" time="0.151" /><testcase classname="tests.test_waveb_d.TestWeeklyDigestSignup" name="test_subscribe_without_casl_rejected" time="0.060" /><testcase classname="tests.test_waveb_d.TestWeeklyDigestSignup" name="test_subscribe_without_pipa_rejected" time="0.069" /><testcase classname="tests.test_waveb_d.TestSitemaps" name="test_sitemap_index_references_listings" time="0.048" /><testcase classname="tests.test_waveb_d.TestJsonLdHomepage" name="test_homepage_returns_html" time="0.057" /><testcase classname="tests.test_waveb_d.TestJsonLdHomepage" name="test_homepage_has_jsonld_blocks" time="0.090" /></testsuite></testsuites>